#
# A fatal error has been detected by the Java Runtime Environment:
#
#  SIGSEGV (0xb) at pc=0x000000012a157b1e, pid=19250, tid=2571
#
# JRE version: Java(TM) SE Runtime Environment (8.0_66-b17) (build 1.8.0_66-b17)
# Java VM: Java HotSpot(TM) 64-Bit Server VM (25.66-b17 mixed mode bsd-amd64 compressed oops)
# Problematic frame:
# C  [libjfxwebkit.dylib+0xe2db1e]  WTFCrash+0x3e
#
# Failed to write core dump. Core dumps have been disabled. To enable core dumping, try "ulimit -c unlimited" before starting Java again
#
# If you would like to submit a bug report, please visit:
#   http://bugreport.java.com/bugreport/crash.jsp
# The crash happened outside the Java Virtual Machine in native code.
# See problematic frame for where to report the bug.
#

---------------  T H R E A D  ---------------

Current thread (0x00007f863b0af000):  JavaThread "JavaFX Application Thread" [_thread_in_native, id=2571, stack(0x00007fff58715000,0x00007fff58f15000)]

siginfo: si_signo: 11 (SIGSEGV), si_code: 1 (SEGV_MAPERR), si_addr: 0x00000000bbadbeef

Registers:
RAX=0x00000000bbadbeef, RBX=0x0000000000000001, RCX=0x0000010000000203, RDX=0x0000020000000200
RSP=0x00007fff58f0ed40, RBP=0x00007fff58f0ee50, RSI=0x0000000000012068, RDI=0x0000000000000000
R8 =0x0000000000000040, R9 =0x00007fff798cc1e0, R10=0xffffffffffffffff, R11=0x0000000000000246
R12=0xffff000000000002, R13=0x00007fff58f0eea8, R14=0x00007f863e53b050, R15=0x0000000000000005
RIP=0x000000012a157b1e, EFLAGS=0x0000000000010202, ERR=0x0000000000000006
  TRAPNO=0x000000000000000e

Top of Stack: (sp=0x00007fff58f0ed40)
0x00007fff58f0ed40:   000000012a157b0a 000000012a193bb7
0x00007fff58f0ed50:   0000000129d94763 0000000108815954
0x00007fff58f0ed60:   0000000000000064 000000012f26f4b0
0x00007fff58f0ed70:   0000000106d06000 0000000000000088
0x00007fff58f0ed80:   00007fff58f0edb0 00007fff9c9825a1
0x00007fff58f0ed90:   0000000106d36000 0000000000000088
0x00007fff58f0eda0:   00007f863e53acb4 0000000000000032
0x00007fff58f0edb0:   00007fff58f0edd0 00007fff9c9810cc
0x00007fff58f0edc0:   0000000000000032 00007fff58f0ee68
0x00007fff58f0edd0:   00007fff58f0ede0 000000012a16aab9
0x00007fff58f0ede0:   00007fff58f0ee10 000000012a175244
0x00007fff58f0edf0:   00007fff58f0ee68 00000001298058c4
0x00007fff58f0ee00:   00007f86396be1c0 00007f863aa680c8
0x00007fff58f0ee10:   00007fff58f0ef00 0000000000000001
0x00007fff58f0ee20:   00007fff58f0ee50 00000001298059ca
0x00007fff58f0ee30:   000000012f260000 ffffffffffff0000
0x00007fff58f0ee40:   000000012f260000 00007f863e53b050
0x00007fff58f0ee50:   00007fff58f0ef40 000000012a193bb7
0x00007fff58f0ee60:   00007f863b0af000 00007fff58f0ef88
0x00007fff58f0ee70:   000000012f26f4b0 000000012f2adbf0
0x00007fff58f0ee80:   000000012f2a6430 0000000795cbe738
0x00007fff58f0ee90:   00007f863e5d32f0 00007f863b0af1f8
0x00007fff58f0eea0:   000000012f26f4b0 0000000800000001
0x00007fff58f0eeb0:   000000012f2adbf0 0000000129d92fe4
0x00007fff58f0eec0:   00007fff58f0ef40 00007f863e273d80
0x00007fff58f0eed0:   00007fff58f0f088 00007f863b0af000
0x00007fff58f0eee0:   00007fff58f0ef10 00000001072893d9
0x00007fff58f0eef0:   00007fff58f0eeb0 0000000000000000
0x00007fff58f0ef00:   00007f863aa5e200 00007f86396bc820
0x00007fff58f0ef10:   0000000000000000 00007f863e53b050
0x00007fff58f0ef20:   00007f863e53b050 00007f86397366e0
0x00007fff58f0ef30:   0000000000000005 00007f863b0af1f8 

Instructions: (pc=0x000000012a157b1e)
0x000000012a157afe:   ff ff be 21 00 00 00 e8 2e fc 49 00 48 8d bd 00
0x000000012a157b0e:   ff ff ff 8d 70 fe e8 d7 fe ff ff b8 ef be ad bb
0x000000012a157b1e:   c7 00 00 00 00 00 0f 0b 66 2e 0f 1f 84 00 00 00
0x000000012a157b2e:   00 00 55 48 89 e5 48 81 ec 10 01 00 00 48 8b 05 

Register to memory mapping:

RAX=0x00000000bbadbeef is an unknown value
RBX=0x0000000000000001 is an unknown value
RCX=0x0000010000000203 is an unknown value
RDX=0x0000020000000200 is an unknown value
RSP=0x00007fff58f0ed40 is pointing into the stack for thread: 0x00007f863b0af000
RBP=0x00007fff58f0ee50 is pointing into the stack for thread: 0x00007f863b0af000
RSI=0x0000000000012068 is an unknown value
RDI=0x0000000000000000 is an unknown value
R8 =0x0000000000000040 is an unknown value
R9 =0x00007fff798cc1e0: __sFX+0x1c0 in /usr/lib/system/libsystem_c.dylib at 0x00007fff93567000
R10=0xffffffffffffffff is an unknown value
R11=0x0000000000000246 is an unknown value
R12=0xffff000000000002 is an unknown value
R13=0x00007fff58f0eea8 is pointing into the stack for thread: 0x00007f863b0af000
R14=0x00007f863e53b050 is an unknown value
R15=0x0000000000000005 is an unknown value


Stack: [0x00007fff58715000,0x00007fff58f15000],  sp=0x00007fff58f0ed40,  free space=8167k
Native frames: (J=compiled Java code, j=interpreted, Vv=VM code, C=native code)
C  [libjfxwebkit.dylib+0xe2db1e]  WTFCrash+0x3e
C  [libjfxwebkit.dylib+0xe69bb7]  JSObjectCallAsFunction+0x1b7
C  [libjfxwebkit.dylib+0xa6a763]  Java_com_sun_webkit_dom_JSObject_callImpl+0x253
j  com.sun.webkit.dom.JSObject.callImpl(JILjava/lang/String;[Ljava/lang/Object;Ljava/security/AccessControlContext;)Ljava/lang/Object;+0
j  com.sun.webkit.dom.JSObject.call(Ljava/lang/String;[Ljava/lang/Object;)Ljava/lang/Object;+13
j  org.netbeans.html.boot.fx.AbstractFXPresenter$JSFn.invokeImpl(Ljava/lang/Object;Z[Ljava/lang/Object;)Ljava/lang/Object;+254
j  org.netbeans.html.boot.fx.AbstractFXPresenter$JSFn.invoke(Ljava/lang/Object;[Ljava/lang/Object;)Ljava/lang/Object;+4
j  org.netbeans.html.boot.spi.Fn.invokeLater(Ljava/lang/Object;[Ljava/lang/Object;)V+3
j  org.netbeans.html.boot.spi.Fn$1.invokeLater(Ljava/lang/Object;[Ljava/lang/Object;)V+10
j  org.netbeans.html.ko4j.Knockout.valueHasMutated(Ljava/lang/Object;Ljava/lang/String;Ljava/lang/Object;Ljava/lang/Object;)V+95
j  org.netbeans.html.ko4j.KOTech.valueHasMutated(Ljava/lang/Object;Ljava/lang/String;Ljava/lang/Object;Ljava/lang/Object;)V+23
j  org.netbeans.html.json.impl.Bindings.valueHasMutated(Ljava/lang/String;Ljava/lang/Object;Ljava/lang/Object;)V+44
j  org.netbeans.html.json.spi.Proto$2.run()V+29
j  net.java.html.BrwsrCtx$1Wrap.run()V+24
j  org.netbeans.html.boot.fx.AbstractFXPresenter$1Wrap.run()V+12
j  com.sun.javafx.application.PlatformImpl.lambda$null$173(Ljava/lang/Runnable;)Ljava/lang/Void;+1
j  com.sun.javafx.application.PlatformImpl$$Lambda$51.run()Ljava/lang/Object;+4
v  ~StubRoutines::call_stub
V  [libjvm.dylib+0x2ea35e]
V  [libjvm.dylib+0x34a888]
J 1483  java.security.AccessController.doPrivileged(Ljava/security/PrivilegedAction;Ljava/security/AccessControlContext;)Ljava/lang/Object; (0 bytes) @ 0x0000000108d4c7d5 [0x0000000108d4c700+0xd5]
j  com.sun.javafx.application.PlatformImpl.lambda$runLater$174(Ljava/lang/Runnable;Ljava/security/AccessControlContext;)V+7
j  com.sun.javafx.application.PlatformImpl$$Lambda$50.run()V+8
J 2715 C1 com.sun.glass.ui.InvokeLaterDispatcher$Future.run()V (91 bytes) @ 0x0000000108f889d4 [0x0000000108f888c0+0x114]
v  ~StubRoutines::call_stub
V  [libjvm.dylib+0x2ea35e]
V  [libjvm.dylib+0x321467]
V  [libjvm.dylib+0x313c3b]
C  [libglass.dylib+0x463b]  -[GlassRunnable run]+0x6b
C  [Foundation+0x76f5e]  __NSThreadPerformPerform+0x117
C  [CoreFoundation+0xaa881]  __CFRUNLOOP_IS_CALLING_OUT_TO_A_SOURCE0_PERFORM_FUNCTION__+0x11
C  [CoreFoundation+0x89fbc]  __CFRunLoopDoSources0+0x22c
C  [CoreFoundation+0x894df]  __CFRunLoopRun+0x39f
C  [CoreFoundation+0x88ed8]  CFRunLoopRunSpecific+0x128
C  [HIToolbox+0x30935]  RunCurrentEventLoopInMode+0xeb
C  [HIToolbox+0x3076f]  ReceiveNextEventCommon+0x1b0
C  [HIToolbox+0x305af]  _BlockUntilNextEventMatchingListInModeWithFilter+0x47
C  [AppKit+0x48efa]  _DPSNextEvent+0x42b
C  [AppKit+0x4832a]  -[NSApplication _nextEventMatchingEventMask:untilDate:inMode:dequeue:]+0x1c6
C  [AppKit+0x3ce84]  -[NSApplication run]+0x2aa
C  [libglass.dylib+0x65ec]  -[GlassApplication runLoop:]+0x72c
C  [Foundation+0x76f5e]  __NSThreadPerformPerform+0x117
C  [CoreFoundation+0xaa881]  __CFRUNLOOP_IS_CALLING_OUT_TO_A_SOURCE0_PERFORM_FUNCTION__+0x11
C  [CoreFoundation+0x89fbc]  __CFRunLoopDoSources0+0x22c
C  [CoreFoundation+0x894df]  __CFRunLoopRun+0x39f
C  [CoreFoundation+0x88ed8]  CFRunLoopRunSpecific+0x128
C  [java+0x6463]  CreateExecutionEnvironment+0x367
C  [java+0x21ac]  JLI_Launch+0x7a0
C  [java+0x84c0]  main+0x65
C  [java+0x1a04]  start+0x34
C  0x0000000000000009

Java frames: (J=compiled Java code, j=interpreted, Vv=VM code)
j  com.sun.webkit.dom.JSObject.callImpl(JILjava/lang/String;[Ljava/lang/Object;Ljava/security/AccessControlContext;)Ljava/lang/Object;+0
j  com.sun.webkit.dom.JSObject.call(Ljava/lang/String;[Ljava/lang/Object;)Ljava/lang/Object;+13
j  org.netbeans.html.boot.fx.AbstractFXPresenter$JSFn.invokeImpl(Ljava/lang/Object;Z[Ljava/lang/Object;)Ljava/lang/Object;+254
j  org.netbeans.html.boot.fx.AbstractFXPresenter$JSFn.invoke(Ljava/lang/Object;[Ljava/lang/Object;)Ljava/lang/Object;+4
j  org.netbeans.html.boot.spi.Fn.invokeLater(Ljava/lang/Object;[Ljava/lang/Object;)V+3
j  org.netbeans.html.boot.spi.Fn$1.invokeLater(Ljava/lang/Object;[Ljava/lang/Object;)V+10
j  org.netbeans.html.ko4j.Knockout.valueHasMutated(Ljava/lang/Object;Ljava/lang/String;Ljava/lang/Object;Ljava/lang/Object;)V+95
j  org.netbeans.html.ko4j.KOTech.valueHasMutated(Ljava/lang/Object;Ljava/lang/String;Ljava/lang/Object;Ljava/lang/Object;)V+23
j  org.netbeans.html.json.impl.Bindings.valueHasMutated(Ljava/lang/String;Ljava/lang/Object;Ljava/lang/Object;)V+44
j  org.netbeans.html.json.spi.Proto$2.run()V+29
j  net.java.html.BrwsrCtx$1Wrap.run()V+24
j  org.netbeans.html.boot.fx.AbstractFXPresenter$1Wrap.run()V+12
j  com.sun.javafx.application.PlatformImpl.lambda$null$173(Ljava/lang/Runnable;)Ljava/lang/Void;+1
j  com.sun.javafx.application.PlatformImpl$$Lambda$51.run()Ljava/lang/Object;+4
v  ~StubRoutines::call_stub
J 1483  java.security.AccessController.doPrivileged(Ljava/security/PrivilegedAction;Ljava/security/AccessControlContext;)Ljava/lang/Object; (0 bytes) @ 0x0000000108d4c763 [0x0000000108d4c700+0x63]
j  com.sun.javafx.application.PlatformImpl.lambda$runLater$174(Ljava/lang/Runnable;Ljava/security/AccessControlContext;)V+7
j  com.sun.javafx.application.PlatformImpl$$Lambda$50.run()V+8
J 2715 C1 com.sun.glass.ui.InvokeLaterDispatcher$Future.run()V (91 bytes) @ 0x0000000108f889d4 [0x0000000108f888c0+0x114]
v  ~StubRoutines::call_stub

---------------  P R O C E S S  ---------------

Java Threads: ( => current thread )
  0x00007f863ec3a000 JavaThread "Thread-12" [_thread_blocked, id=58643, stack(0x0000700001e7d000,0x0000700001f7d000)]
  0x00007f863f051000 JavaThread "URL-Loader-2" daemon [_thread_blocked, id=16163, stack(0x0000700001b74000,0x0000700001c74000)]
  0x00007f863a3c1800 JavaThread "Thread-10" [_thread_blocked, id=63507, stack(0x0000700001d7a000,0x0000700001e7a000)]
  0x00007f863a15b000 JavaThread "Prism Font Disposer" daemon [_thread_blocked, id=62991, stack(0x0000700001c77000,0x0000700001d77000)]
  0x00007f863a1f3000 JavaThread "FX<->NetBeans Inspector" [_thread_in_native, id=61455, stack(0x0000700001a71000,0x0000700001b71000)]
  0x00007f863aa34800 JavaThread "Disposer" daemon [_thread_blocked, id=59915, stack(0x000070000196e000,0x0000700001a6e000)]
  0x00007f863a96c800 JavaThread "Timer-0" daemon [_thread_blocked, id=51203, stack(0x00007000016e2000,0x00007000017e2000)]
  0x00007f863a15a000 JavaThread "Thread-6" daemon [_thread_in_native, id=38915, stack(0x00007000015dc000,0x000070000165c000)]
=>0x00007f863b0af000 JavaThread "JavaFX Application Thread" [_thread_in_native, id=2571, stack(0x00007fff58715000,0x00007fff58f15000)]
  0x00007f863a131800 JavaThread "Thread-4" daemon [_thread_blocked, id=26135, stack(0x0000700001456000,0x0000700001556000)]
  0x00007f863a040800 JavaThread "QuantumRenderer-0" daemon [_thread_blocked, id=20995, stack(0x0000700001353000,0x0000700001453000)]
  0x00007f863b0af800 JavaThread "JavaFX-Launcher" [_thread_blocked, id=20483, stack(0x0000700001250000,0x0000700001350000)]
  0x00007f86398c6000 JavaThread "pool-1-thread-1" [_thread_blocked, id=19971, stack(0x000070000114d000,0x000070000124d000)]
  0x00007f863b0b1000 JavaThread "FileSystemWatcher: files=#9 cl=sun.misc.Launcher$AppClassLoader@14dad5dc" daemon [_thread_blocked, id=19459, stack(0x000070000104a000,0x000070000114a000)]
  0x00007f863a038800 JavaThread "Service Thread" daemon [_thread_blocked, id=18435, stack(0x0000700000e44000,0x0000700000f44000)]
  0x00007f863a037000 JavaThread "C1 CompilerThread2" daemon [_thread_blocked, id=17923, stack(0x0000700000d41000,0x0000700000e41000)]
  0x00007f8639844800 JavaThread "C2 CompilerThread1" daemon [_thread_blocked, id=17411, stack(0x0000700000c3e000,0x0000700000d3e000)]
  0x00007f863a82a800 JavaThread "C2 CompilerThread0" daemon [_thread_blocked, id=16899, stack(0x0000700000b3b000,0x0000700000c3b000)]
  0x00007f863a845000 JavaThread "Signal Dispatcher" daemon [_thread_blocked, id=14863, stack(0x0000700000a38000,0x0000700000b38000)]
  0x00007f863981c000 JavaThread "Finalizer" daemon [_thread_blocked, id=11779, stack(0x000070000082f000,0x000070000092f000)]
  0x00007f863a014800 JavaThread "Reference Handler" daemon [_thread_blocked, id=11267, stack(0x000070000072c000,0x000070000082c000)]
  0x00007f863a002800 JavaThread "main" [_thread_blocked, id=4099, stack(0x0000700000084000,0x0000700000184000)]

Other Threads:
  0x00007f863980d000 VMThread [stack: 0x0000700000629000,0x0000700000729000] [id=10755]
  0x00007f86398c2800 WatcherThread [stack: 0x0000700000f47000,0x0000700001047000] [id=18947]

VM state:not at safepoint (normal execution)

VM Mutex/Monitor currently owned by a thread: None

Heap:
 PSYoungGen      total 38400K, used 31791K [0x0000000795580000, 0x0000000798000000, 0x00000007c0000000)
  eden space 33280K, 80% used [0x0000000795580000,0x0000000796f93f10,0x0000000797600000)
  from space 5120K, 99% used [0x0000000797600000,0x0000000797af8010,0x0000000797b00000)
  to   space 5120K, 0% used [0x0000000797b00000,0x0000000797b00000,0x0000000798000000)
 ParOldGen       total 87552K, used 5606K [0x0000000740000000, 0x0000000745580000, 0x0000000795580000)
  object space 87552K, 6% used [0x0000000740000000,0x0000000740579a80,0x0000000745580000)
 Metaspace       used 19827K, capacity 21166K, committed 21296K, reserved 1067008K
  class space    used 2538K, capacity 2818K, committed 2944K, reserved 1048576K

Card table byte_map: [0x0000000117bc0000,0x0000000117fc1000] byte_map_base: 0x00000001141c0000

Marking Bits: (ParMarkBitMap*) 0x0000000107844e20
 Begin Bits: [0x000000011826c000, 0x000000011a26c000)
 End Bits:   [0x000000011a26c000, 0x000000011c26c000)

Polling page: 0x0000000107f30000

CodeCache: size=245760Kb used=7968Kb max_used=8000Kb free=237791Kb
 bounds [0x0000000108800000, 0x0000000108fe0000, 0x0000000117800000]
 total_blobs=3223 nmethods=2478 adapters=657
 compilation: enabled

Compilation events (10 events):
Event: 287.082 Thread 0x00007f863a037000 2782       3       javafx.scene.input.PickResult::<init> (53 bytes)
Event: 287.082 Thread 0x00007f863a037000 nmethod 2782 0x0000000108fd6f50 code [0x0000000108fd7140, 0x0000000108fd79b8]
Event: 287.097 Thread 0x00007f863a037000 2783       3       com.sun.javafx.event.EventUtil::fireEventImpl (16 bytes)
Event: 287.097 Thread 0x00007f863a037000 nmethod 2783 0x0000000108dbc350 code [0x0000000108dbc4e0, 0x0000000108dbc778]
Event: 287.097 Thread 0x00007f863a037000 2784       3       javafx.stage.Window::buildEventDispatchChain (32 bytes)
Event: 287.098 Thread 0x00007f863a037000 nmethod 2784 0x0000000108e0b0d0 code [0x0000000108e0b260, 0x0000000108e0b698]
Event: 287.262 Thread 0x00007f863a037000 2785       3       com.sun.javafx.event.EventDispatchChainImpl::reset (44 bytes)
Event: 287.263 Thread 0x00007f863a037000 nmethod 2785 0x0000000108fc68d0 code [0x0000000108fc6a60, 0x0000000108fc6dd0]
Event: 288.904 Thread 0x00007f863a037000 2786       3       org.springsource.loaded.TypeDescriptor::getField (46 bytes)
Event: 288.905 Thread 0x00007f863a037000 nmethod 2786 0x0000000108e9c290 code [0x0000000108e9c420, 0x0000000108e9c828]

GC Heap History (6 events):
Event: 1.364 GC heap before
{Heap before GC invocations=1 (full 0):
 PSYoungGen      total 38400K, used 33280K [0x0000000795580000, 0x0000000798000000, 0x00000007c0000000)
  eden space 33280K, 100% used [0x0000000795580000,0x0000000797600000,0x0000000797600000)
  from space 5120K, 0% used [0x0000000797b00000,0x0000000797b00000,0x0000000798000000)
  to   space 5120K, 0% used [0x0000000797600000,0x0000000797600000,0x0000000797b00000)
 ParOldGen       total 87552K, used 0K [0x0000000740000000, 0x0000000745580000, 0x0000000795580000)
  object space 87552K, 0% used [0x0000000740000000,0x0000000740000000,0x0000000745580000)
 Metaspace       used 9163K, capacity 9562K, committed 9728K, reserved 1058816K
  class space    used 1041K, capacity 1179K, committed 1280K, reserved 1048576K
Event: 1.370 GC heap after
Heap after GC invocations=1 (full 0):
 PSYoungGen      total 38400K, used 2489K [0x0000000795580000, 0x0000000798000000, 0x00000007c0000000)
  eden space 33280K, 0% used [0x0000000795580000,0x0000000795580000,0x0000000797600000)
  from space 5120K, 48% used [0x0000000797600000,0x000000079786e7a8,0x0000000797b00000)
  to   space 5120K, 0% used [0x0000000797b00000,0x0000000797b00000,0x0000000798000000)
 ParOldGen       total 87552K, used 16K [0x0000000740000000, 0x0000000745580000, 0x0000000795580000)
  object space 87552K, 0% used [0x0000000740000000,0x0000000740004000,0x0000000745580000)
 Metaspace       used 9163K, capacity 9562K, committed 9728K, reserved 1058816K
  class space    used 1041K, capacity 1179K, committed 1280K, reserved 1048576K
}
Event: 3.107 GC heap before
{Heap before GC invocations=2 (full 0):
 PSYoungGen      total 38400K, used 35769K [0x0000000795580000, 0x0000000798000000, 0x00000007c0000000)
  eden space 33280K, 100% used [0x0000000795580000,0x0000000797600000,0x0000000797600000)
  from space 5120K, 48% used [0x0000000797600000,0x000000079786e7a8,0x0000000797b00000)
  to   space 5120K, 0% used [0x0000000797b00000,0x0000000797b00000,0x0000000798000000)
 ParOldGen       total 87552K, used 16K [0x0000000740000000, 0x0000000745580000, 0x0000000795580000)
  object space 87552K, 0% used [0x0000000740000000,0x0000000740004000,0x0000000745580000)
 Metaspace       used 17338K, capacity 18438K, committed 18560K, reserved 1064960K
  class space    used 2340K, capacity 2589K, committed 2688K, reserved 1048576K
Event: 3.122 GC heap after
Heap after GC invocations=2 (full 0):
 PSYoungGen      total 38400K, used 5088K [0x0000000795580000, 0x0000000798000000, 0x00000007c0000000)
  eden space 33280K, 0% used [0x0000000795580000,0x0000000795580000,0x0000000797600000)
  from space 5120K, 99% used [0x0000000797b00000,0x0000000797ff8010,0x0000000798000000)
  to   space 5120K, 0% used [0x0000000797600000,0x0000000797600000,0x0000000797b00000)
 ParOldGen       total 87552K, used 4647K [0x0000000740000000, 0x0000000745580000, 0x0000000795580000)
  object space 87552K, 5% used [0x0000000740000000,0x0000000740489df8,0x0000000745580000)
 Metaspace       used 17338K, capacity 18438K, committed 18560K, reserved 1064960K
  class space    used 2340K, capacity 2589K, committed 2688K, reserved 1048576K
}
Event: 99.727 GC heap before
{Heap before GC invocations=3 (full 0):
 PSYoungGen      total 38400K, used 38368K [0x0000000795580000, 0x0000000798000000, 0x00000007c0000000)
  eden space 33280K, 100% used [0x0000000795580000,0x0000000797600000,0x0000000797600000)
  from space 5120K, 99% used [0x0000000797b00000,0x0000000797ff8010,0x0000000798000000)
  to   space 5120K, 0% used [0x0000000797600000,0x0000000797600000,0x0000000797b00000)
 ParOldGen       total 87552K, used 4647K [0x0000000740000000, 0x0000000745580000, 0x0000000795580000)
  object space 87552K, 5% used [0x0000000740000000,0x0000000740489df8,0x0000000745580000)
 Metaspace       used 19206K, capacity 20372K, committed 20736K, reserved 1067008K
  class space    used 2488K, capacity 2703K, committed 2816K, reserved 1048576K
Event: 99.736 GC heap after
Heap after GC invocations=3 (full 0):
 PSYoungGen      total 38400K, used 5088K [0x0000000795580000, 0x0000000798000000, 0x00000007c0000000)
  eden space 33280K, 0% used [0x0000000795580000,0x0000000795580000,0x0000000797600000)
  from space 5120K, 99% used [0x0000000797600000,0x0000000797af8010,0x0000000797b00000)
  to   space 5120K, 0% used [0x0000000797b00000,0x0000000797b00000,0x0000000798000000)
 ParOldGen       total 87552K, used 5606K [0x0000000740000000, 0x0000000745580000, 0x0000000795580000)
  object space 87552K, 6% used [0x0000000740000000,0x0000000740579a80,0x0000000745580000)
 Metaspace       used 19206K, capacity 20372K, committed 20736K, reserved 1067008K
  class space    used 2488K, capacity 2703K, committed 2816K, reserved 1048576K
}

Deoptimization events (10 events):
Event: 282.364 Thread 0x00007f863b0af000 Uncommon trap: reason=unstable_if action=reinterpret pc=0x0000000108efecdc method=javafx.scene.Scene.doCSSPass()V @ 12
Event: 282.369 Thread 0x00007f863a040800 Uncommon trap: reason=unstable_if action=reinterpret pc=0x0000000108e972f4 method=com.sun.javafx.geom.transform.AffineBase.updateState2D()V @ 42
Event: 282.515 Thread 0x00007f863b0af000 Uncommon trap: reason=unstable_if action=reinterpret pc=0x0000000108ef9a2c method=com.sun.scenario.animation.AbstractMasterTimer.timePulseImpl(J)V @ 50
Event: 282.517 Thread 0x00007f863b0af000 Uncommon trap: reason=unstable_if action=reinterpret pc=0x0000000108950214 method=javafx.scene.Node.updateBounds()V @ 116
Event: 282.518 Thread 0x00007f863b0af000 Uncommon trap: reason=unstable_if action=reinterpret pc=0x0000000108950214 method=javafx.scene.Node.updateBounds()V @ 116
Event: 282.518 Thread 0x00007f863b0af000 Uncommon trap: reason=unstable_if action=reinterpret pc=0x0000000108950214 method=javafx.scene.Node.updateBounds()V @ 116
Event: 282.518 Thread 0x00007f863b0af000 Uncommon trap: reason=unstable_if action=reinterpret pc=0x0000000108950214 method=javafx.scene.Node.updateBounds()V @ 116
Event: 282.680 Thread 0x00007f863b0af000 Uncommon trap: reason=unstable_if action=reinterpret pc=0x000000010892ddd8 method=javafx.scene.Node.updateBounds()V @ 106
Event: 282.689 Thread 0x00007f863a040800 Uncommon trap: reason=unstable_if action=reinterpret pc=0x0000000108ce0e10 method=com.sun.javafx.font.CompositeStrike.getStrikeSlot(I)Lcom/sun/javafx/font/FontStrike; @ 8
Event: 282.690 Thread 0x00007f863a040800 Uncommon trap: reason=null_check action=make_not_entrant pc=0x0000000108a1ab4c method=com.sun.prism.impl.GlyphCache.getCachedGlyph(II)Lcom/sun/prism/impl/GlyphCache$GlyphData; @ 28

Internal exceptions (10 events):
Event: 1.102 Thread 0x00007f863b0af000 Exception <a 'java/lang/NullPointerException'> (0x0000000797029aa0) thrown at [/HUDSON3/workspace/8-2-build-macosx-x86_64/jdk8u66/4988/hotspot/src/share/vm/prims/jvm.cpp, line 1390]
Event: 2.409 Thread 0x00007f863b0af000 Exception <a 'sun/nio/fs/UnixException'> (0x0000000796510f98) thrown at [/HUDSON3/workspace/8-2-build-macosx-x86_64/jdk8u66/4988/hotspot/src/share/vm/prims/jni.cpp, line 709]
Event: 2.413 Thread 0x00007f863b0af000 Exception <a 'sun/nio/fs/UnixException'> (0x00000007965167f8) thrown at [/HUDSON3/workspace/8-2-build-macosx-x86_64/jdk8u66/4988/hotspot/src/share/vm/prims/jni.cpp, line 709]
Event: 2.437 Thread 0x00007f863b0af000 Implicit null exception at 0x0000000108a3a775 to 0x0000000108a3aae1
Event: 2.450 Thread 0x00007f863b37d000 Implicit null exception at 0x0000000108a10335 to 0x0000000108a10695
Event: 282.690 Thread 0x00007f863a040800 Implicit null exception at 0x0000000108a1a3a9 to 0x0000000108a1ab33
Event: 282.902 Thread 0x00007f863b0af000 Exception <a 'netscape/javascript/JSException': Invalid function reference> (0x0000000796e052d0) thrown at [/HUDSON3/workspace/8-2-build-macosx-x86_64/jdk8u66/4988/hotspot/src/share/vm/prims/jni.cpp, line 735]
Event: 282.903 Thread 0x00007f863b0af000 Exception <a 'netscape/javascript/JSException'> (0x0000000796e052d0) thrown at [/HUDSON3/workspace/8-2-build-macosx-x86_64/jdk8u66/4988/hotspot/src/share/vm/prims/jvm.cpp, line 1390]
Event: 285.903 Thread 0x00007f863b0af000 Exception <a 'netscape/javascript/JSException': Invalid function reference> (0x0000000796eb7818) thrown at [/HUDSON3/workspace/8-2-build-macosx-x86_64/jdk8u66/4988/hotspot/src/share/vm/prims/jni.cpp, line 735]
Event: 285.903 Thread 0x00007f863b0af000 Exception <a 'netscape/javascript/JSException'> (0x0000000796eb7818) thrown at [/HUDSON3/workspace/8-2-build-macosx-x86_64/jdk8u66/4988/hotspot/src/share/vm/prims/jvm.cpp, line 1390]

Events (10 events):
Event: 286.301 Thread 0x00007f8639844800 flushing nmethod 0x0000000108e0b0d0
Event: 286.304 Thread 0x00007f863a037000 flushing nmethod 0x0000000108e77450
Event: 286.304 Thread 0x00007f863a037000 flushing nmethod 0x0000000108e929d0
Event: 286.304 Thread 0x00007f863a037000 flushing nmethod 0x0000000108e9c290
Event: 286.304 Thread 0x00007f863a037000 flushing nmethod 0x0000000108e9e1d0
Event: 286.304 Thread 0x00007f863a037000 flushing nmethod 0x0000000108e9ecd0
Event: 286.305 Thread 0x00007f863a037000 flushing nmethod 0x0000000108eb6010
Event: 286.306 Thread 0x00007f863a037000 flushing nmethod 0x0000000108eec2d0
Event: 288.301 Executing VM operation: RevokeBias
Event: 288.301 Executing VM operation: RevokeBias done


Dynamic libraries:
0x00000000073d7000 	/System/Library/Frameworks/Cocoa.framework/Versions/A/Cocoa
0x00000000073d7000 	/System/Library/Frameworks/Security.framework/Versions/A/Security
0x00000000073d7000 	/System/Library/Frameworks/ApplicationServices.framework/Versions/A/ApplicationServices
0x00000000073d7000 	/usr/lib/libz.1.dylib
0x00000000073d7000 	/usr/lib/libSystem.B.dylib
0x00000000073d7000 	/usr/lib/libobjc.A.dylib
0x00000000073d7000 	/System/Library/Frameworks/CoreFoundation.framework/Versions/A/CoreFoundation
0x00000000073d7000 	/System/Library/Frameworks/Foundation.framework/Versions/C/Foundation
0x00000000073d7000 	/System/Library/Frameworks/AppKit.framework/Versions/C/AppKit
0x00000000073d7000 	/System/Library/Frameworks/CoreData.framework/Versions/A/CoreData
0x00000000073d7000 	/System/Library/PrivateFrameworks/RemoteViewServices.framework/Versions/A/RemoteViewServices
0x00000000073d7000 	/System/Library/PrivateFrameworks/UIFoundation.framework/Versions/A/UIFoundation
0x00000000073d7000 	/usr/lib/libScreenReader.dylib
0x00000000073d7000 	/System/Library/Frameworks/Accelerate.framework/Versions/A/Accelerate
0x00000000073d7000 	/System/Library/Frameworks/IOSurface.framework/Versions/A/IOSurface
0x00000000073d7000 	/System/Library/Frameworks/AudioToolbox.framework/Versions/A/AudioToolbox
0x00000000073d7000 	/System/Library/Frameworks/AudioUnit.framework/Versions/A/AudioUnit
0x00000000073d7000 	/System/Library/PrivateFrameworks/DataDetectorsCore.framework/Versions/A/DataDetectorsCore
0x00000000073d7000 	/System/Library/PrivateFrameworks/DesktopServicesPriv.framework/Versions/A/DesktopServicesPriv
0x00000000073d7000 	/System/Library/Frameworks/Carbon.framework/Versions/A/Frameworks/HIToolbox.framework/Versions/A/HIToolbox
0x00000000073d7000 	/System/Library/Frameworks/QuartzCore.framework/Versions/A/QuartzCore
0x00000000073d7000 	/System/Library/Frameworks/Carbon.framework/Versions/A/Frameworks/SpeechRecognition.framework/Versions/A/SpeechRecognition
0x00000000073d7000 	/usr/lib/libauto.dylib
0x00000000073d7000 	/usr/lib/libicucore.A.dylib
0x00000000073d7000 	/usr/lib/libxml2.2.dylib
0x00000000073d7000 	/System/Library/PrivateFrameworks/CoreUI.framework/Versions/A/CoreUI
0x00000000073d7000 	/System/Library/Frameworks/CoreAudio.framework/Versions/A/CoreAudio
0x00000000073d7000 	/System/Library/Frameworks/DiskArbitration.framework/Versions/A/DiskArbitration
0x00000000073d7000 	/usr/lib/liblangid.dylib
0x00000000073d7000 	/System/Library/PrivateFrameworks/MultitouchSupport.framework/Versions/A/MultitouchSupport
0x00000000073d7000 	/System/Library/Frameworks/IOKit.framework/Versions/A/IOKit
0x00000000073d7000 	/usr/lib/libDiagnosticMessagesClient.dylib
0x00000000073d7000 	/System/Library/Frameworks/CoreServices.framework/Versions/A/CoreServices
0x00000000073d7000 	/System/Library/PrivateFrameworks/PerformanceAnalysis.framework/Versions/A/PerformanceAnalysis
0x00000000073d7000 	/System/Library/PrivateFrameworks/GenerationalStorage.framework/Versions/A/GenerationalStorage
0x00000000073d7000 	/System/Library/Frameworks/OpenGL.framework/Versions/A/OpenGL
0x00000000073d7000 	/System/Library/PrivateFrameworks/Sharing.framework/Versions/A/Sharing
0x00000000073d7000 	/System/Library/Frameworks/CoreGraphics.framework/Versions/A/CoreGraphics
0x00000000073d7000 	/System/Library/Frameworks/CoreImage.framework/Versions/A/CoreImage
0x00000000073d7000 	/System/Library/Frameworks/CoreText.framework/Versions/A/CoreText
0x00000000073d7000 	/System/Library/Frameworks/ImageIO.framework/Versions/A/ImageIO
0x00000000073d7000 	/System/Library/PrivateFrameworks/Backup.framework/Versions/A/Backup
0x00000000073d7000 	/usr/lib/libextension.dylib
0x00000000073d7000 	/usr/lib/libarchive.2.dylib
0x00000000073d7000 	/System/Library/Frameworks/CFNetwork.framework/Versions/A/CFNetwork
0x00000000073d7000 	/System/Library/Frameworks/SystemConfiguration.framework/Versions/A/SystemConfiguration
0x00000000073d7000 	/usr/lib/libCRFSuite.dylib
0x00000000073d7000 	/usr/lib/libc++.1.dylib
0x00000000073d7000 	/usr/lib/libc++abi.dylib
0x00000000073d7000 	/usr/lib/system/libcache.dylib
0x00000000073d7000 	/usr/lib/system/libcommonCrypto.dylib
0x00000000073d7000 	/usr/lib/system/libcompiler_rt.dylib
0x00000000073d7000 	/usr/lib/system/libcopyfile.dylib
0x00000000073d7000 	/usr/lib/system/libcorecrypto.dylib
0x00000000073d7000 	/usr/lib/system/libdispatch.dylib
0x00000000073d7000 	/usr/lib/system/libdyld.dylib
0x00000000073d7000 	/usr/lib/system/libkeymgr.dylib
0x00000000073d7000 	/usr/lib/system/liblaunch.dylib
0x00000000073d7000 	/usr/lib/system/libmacho.dylib
0x00000000073d7000 	/usr/lib/system/libquarantine.dylib
0x00000000073d7000 	/usr/lib/system/libremovefile.dylib
0x00000000073d7000 	/usr/lib/system/libsystem_asl.dylib
0x00000000073d7000 	/usr/lib/system/libsystem_blocks.dylib
0x00000000073d7000 	/usr/lib/system/libsystem_c.dylib
0x00000000073d7000 	/usr/lib/system/libsystem_configuration.dylib
0x00000000073d7000 	/usr/lib/system/libsystem_coreservices.dylib
0x00000000073d7000 	/usr/lib/system/libsystem_coretls.dylib
0x00000000073d7000 	/usr/lib/system/libsystem_dnssd.dylib
0x00000000073d7000 	/usr/lib/system/libsystem_info.dylib
0x00000000073d7000 	/usr/lib/system/libsystem_kernel.dylib
0x00000000073d7000 	/usr/lib/system/libsystem_m.dylib
0x00000000073d7000 	/usr/lib/system/libsystem_malloc.dylib
0x00000000073d7000 	/usr/lib/system/libsystem_network.dylib
0x00000000073d7000 	/usr/lib/system/libsystem_networkextension.dylib
0x00000000073d7000 	/usr/lib/system/libsystem_notify.dylib
0x00000000073d7000 	/usr/lib/system/libsystem_platform.dylib
0x00000000073d7000 	/usr/lib/system/libsystem_pthread.dylib
0x00000000073d7000 	/usr/lib/system/libsystem_sandbox.dylib
0x00000000073d7000 	/usr/lib/system/libsystem_secinit.dylib
0x00000000073d7000 	/usr/lib/system/libsystem_trace.dylib
0x00000000073d7000 	/usr/lib/system/libunc.dylib
0x00000000073d7000 	/usr/lib/system/libunwind.dylib
0x00000000073d7000 	/usr/lib/system/libxpc.dylib
0x00000000073d7000 	/usr/lib/libenergytrace.dylib
0x00000000073d7000 	/usr/lib/libbsm.0.dylib
0x00000000073d7000 	/usr/lib/system/libkxld.dylib
0x00000000073d7000 	/usr/lib/libxar.1.dylib
0x00000000073d7000 	/usr/lib/libsqlite3.dylib
0x00000000073d7000 	/usr/lib/libpam.2.dylib
0x00000000073d7000 	/usr/lib/libOpenScriptingUtil.dylib
0x00000000073d7000 	/usr/lib/libbz2.1.0.dylib
0x00000000073d7000 	/usr/lib/liblzma.5.dylib
0x00000000073d7000 	/System/Library/Frameworks/CoreServices.framework/Versions/A/Frameworks/FSEvents.framework/Versions/A/FSEvents
0x00000000073d7000 	/System/Library/Frameworks/CoreServices.framework/Versions/A/Frameworks/CarbonCore.framework/Versions/A/CarbonCore
0x00000000073d7000 	/System/Library/Frameworks/CoreServices.framework/Versions/A/Frameworks/Metadata.framework/Versions/A/Metadata
0x00000000073d7000 	/System/Library/Frameworks/CoreServices.framework/Versions/A/Frameworks/OSServices.framework/Versions/A/OSServices
0x00000000073d7000 	/System/Library/Frameworks/CoreServices.framework/Versions/A/Frameworks/SearchKit.framework/Versions/A/SearchKit
0x00000000073d7000 	/System/Library/Frameworks/CoreServices.framework/Versions/A/Frameworks/AE.framework/Versions/A/AE
0x00000000073d7000 	/System/Library/Frameworks/CoreServices.framework/Versions/A/Frameworks/LaunchServices.framework/Versions/A/LaunchServices
0x00000000073d7000 	/System/Library/Frameworks/CoreServices.framework/Versions/A/Frameworks/DictionaryServices.framework/Versions/A/DictionaryServices
0x00000000073d7000 	/System/Library/Frameworks/CoreServices.framework/Versions/A/Frameworks/SharedFileList.framework/Versions/A/SharedFileList
0x00000000073d7000 	/System/Library/Frameworks/NetFS.framework/Versions/A/NetFS
0x00000000073d7000 	/System/Library/PrivateFrameworks/NetAuth.framework/Versions/A/NetAuth
0x00000000073d7000 	/System/Library/PrivateFrameworks/login.framework/Versions/A/Frameworks/loginsupport.framework/Versions/A/loginsupport
0x00000000073d7000 	/System/Library/PrivateFrameworks/TCC.framework/Versions/A/TCC
0x00000000073d7000 	/usr/lib/libmecabra.dylib
0x00000000073d7000 	/System/Library/Frameworks/ApplicationServices.framework/Versions/A/Frameworks/ATS.framework/Versions/A/ATS
0x00000000073d7000 	/System/Library/Frameworks/ApplicationServices.framework/Versions/A/Frameworks/ColorSync.framework/Versions/A/ColorSync
0x00000000073d7000 	/System/Library/Frameworks/ApplicationServices.framework/Versions/A/Frameworks/HIServices.framework/Versions/A/HIServices
0x00000000073d7000 	/System/Library/Frameworks/ApplicationServices.framework/Versions/A/Frameworks/LangAnalysis.framework/Versions/A/LangAnalysis
0x00000000073d7000 	/System/Library/Frameworks/ApplicationServices.framework/Versions/A/Frameworks/PrintCore.framework/Versions/A/PrintCore
0x00000000073d7000 	/System/Library/Frameworks/ApplicationServices.framework/Versions/A/Frameworks/QD.framework/Versions/A/QD
0x00000000073d7000 	/System/Library/Frameworks/ApplicationServices.framework/Versions/A/Frameworks/SpeechSynthesis.framework/Versions/A/SpeechSynthesis
0x00000000073d7000 	/System/Library/Frameworks/Metal.framework/Versions/A/Metal
0x00000000073d7000 	/System/Library/Frameworks/Accelerate.framework/Versions/A/Frameworks/vImage.framework/Versions/A/vImage
0x00000000073d7000 	/System/Library/Frameworks/Accelerate.framework/Versions/A/Frameworks/vecLib.framework/Versions/A/vecLib
0x00000000073d7000 	/System/Library/Frameworks/Accelerate.framework/Versions/A/Frameworks/vecLib.framework/Versions/A/libvDSP.dylib
0x00000000073d7000 	/System/Library/Frameworks/Accelerate.framework/Versions/A/Frameworks/vecLib.framework/Versions/A/libvMisc.dylib
0x00000000073d7000 	/System/Library/Frameworks/Accelerate.framework/Versions/A/Frameworks/vecLib.framework/Versions/A/libLAPACK.dylib
0x00000000073d7000 	/System/Library/Frameworks/Accelerate.framework/Versions/A/Frameworks/vecLib.framework/Versions/A/libBLAS.dylib
0x00000000073d7000 	/System/Library/Frameworks/Accelerate.framework/Versions/A/Frameworks/vecLib.framework/Versions/A/libLinearAlgebra.dylib
0x00000000073d7000 	/System/Library/Frameworks/Accelerate.framework/Versions/A/Frameworks/vecLib.framework/Versions/A/libSparseBLAS.dylib
0x00000000073d7000 	/System/Library/PrivateFrameworks/GPUCompiler.framework/libmetal_timestamp.dylib
0x00000000073d7000 	/System/Library/Frameworks/OpenGL.framework/Versions/A/Libraries/libCoreFSCache.dylib
0x00000000073d7000 	/System/Library/PrivateFrameworks/IOAccelerator.framework/Versions/A/IOAccelerator
0x00000000073d7000 	/System/Library/Frameworks/ApplicationServices.framework/Versions/A/Frameworks/ATS.framework/Versions/A/Resources/libFontParser.dylib
0x00000000073d7000 	/System/Library/Frameworks/ApplicationServices.framework/Versions/A/Frameworks/ATS.framework/Versions/A/Resources/libFontRegistry.dylib
0x00000000073d7000 	/System/Library/PrivateFrameworks/AppleVPA.framework/Versions/A/AppleVPA
0x00000000073d7000 	/System/Library/PrivateFrameworks/AppleJPEG.framework/Versions/A/AppleJPEG
0x00000000073d7000 	/System/Library/Frameworks/ImageIO.framework/Versions/A/Resources/libJPEG.dylib
0x00000000073d7000 	/System/Library/Frameworks/ImageIO.framework/Versions/A/Resources/libTIFF.dylib
0x00000000073d7000 	/System/Library/Frameworks/ImageIO.framework/Versions/A/Resources/libPng.dylib
0x00000000073d7000 	/System/Library/Frameworks/ImageIO.framework/Versions/A/Resources/libGIF.dylib
0x00000000073d7000 	/System/Library/Frameworks/ImageIO.framework/Versions/A/Resources/libJP2.dylib
0x00000000073d7000 	/System/Library/Frameworks/ImageIO.framework/Versions/A/Resources/libRadiance.dylib
0x00000000073d7000 	/System/Library/Frameworks/CoreVideo.framework/Versions/A/CoreVideo
0x00000000073d7000 	/System/Library/Frameworks/OpenGL.framework/Versions/A/Libraries/libGLU.dylib
0x00000000073d7000 	/System/Library/Frameworks/OpenGL.framework/Versions/A/Libraries/libGFXShared.dylib
0x00000000073d7000 	/System/Library/Frameworks/OpenGL.framework/Versions/A/Libraries/libGL.dylib
0x00000000073d7000 	/System/Library/Frameworks/OpenGL.framework/Versions/A/Libraries/libGLImage.dylib
0x00000000073d7000 	/System/Library/Frameworks/OpenGL.framework/Versions/A/Libraries/libCVMSPluginSupport.dylib
0x00000000073d7000 	/System/Library/Frameworks/OpenGL.framework/Versions/A/Libraries/libCoreVMClient.dylib
0x00000000073d7000 	/usr/lib/libcups.2.dylib
0x00000000073d7000 	/System/Library/Frameworks/Kerberos.framework/Versions/A/Kerberos
0x00000000073d7000 	/System/Library/Frameworks/GSS.framework/Versions/A/GSS
0x00000000073d7000 	/usr/lib/libresolv.9.dylib
0x00000000073d7000 	/usr/lib/libiconv.2.dylib
0x00000000073d7000 	/System/Library/PrivateFrameworks/Heimdal.framework/Versions/A/Heimdal
0x00000000073d7000 	/usr/lib/libheimdal-asn1.dylib
0x00000000073d7000 	/System/Library/Frameworks/OpenDirectory.framework/Versions/A/OpenDirectory
0x00000000073d7000 	/System/Library/PrivateFrameworks/CommonAuth.framework/Versions/A/CommonAuth
0x00000000073d7000 	/System/Library/Frameworks/OpenDirectory.framework/Versions/A/Frameworks/CFOpenDirectory.framework/Versions/A/CFOpenDirectory
0x00000000073d7000 	/System/Library/Frameworks/SecurityFoundation.framework/Versions/A/SecurityFoundation
0x00000000073d7000 	/System/Library/PrivateFrameworks/LanguageModeling.framework/Versions/A/LanguageModeling
0x00000000073d7000 	/usr/lib/libmarisa.dylib
0x00000000073d7000 	/usr/lib/libChineseTokenizer.dylib
0x00000000073d7000 	/usr/lib/libcmph.dylib
0x00000000073d7000 	/usr/lib/libcompression.dylib
0x00000000073d7000 	/System/Library/Frameworks/ServiceManagement.framework/Versions/A/ServiceManagement
0x00000000073d7000 	/usr/lib/libxslt.1.dylib
0x00000000073d7000 	/System/Library/Frameworks/Carbon.framework/Versions/A/Frameworks/Ink.framework/Versions/A/Ink
0x00000000073d7000 	/usr/lib/libFosl_dynamic.dylib
0x00000000073d7000 	/System/Library/PrivateFrameworks/FaceCore.framework/Versions/A/FaceCore
0x00000000073d7000 	/System/Library/Frameworks/OpenCL.framework/Versions/A/OpenCL
0x00000000073d7000 	/System/Library/PrivateFrameworks/CrashReporterSupport.framework/Versions/A/CrashReporterSupport
0x00000000073d7000 	/System/Library/PrivateFrameworks/IconServices.framework/Versions/A/IconServices
0x00000000073d7000 	/System/Library/PrivateFrameworks/Apple80211.framework/Versions/A/Apple80211
0x00000000073d7000 	/System/Library/Frameworks/CoreWLAN.framework/Versions/A/CoreWLAN
0x00000000073d7000 	/System/Library/Frameworks/IOBluetooth.framework/Versions/A/IOBluetooth
0x00000000073d7000 	/System/Library/PrivateFrameworks/CoreWiFi.framework/Versions/A/CoreWiFi
0x00000000073d7000 	/System/Library/Frameworks/CoreBluetooth.framework/Versions/A/CoreBluetooth
0x00000000073d7000 	/System/Library/PrivateFrameworks/ChunkingLibrary.framework/Versions/A/ChunkingLibrary
0x00000000073d7000 	/System/Library/PrivateFrameworks/DebugSymbols.framework/Versions/A/DebugSymbols
0x00000000073d7000 	/System/Library/PrivateFrameworks/CoreSymbolication.framework/Versions/A/CoreSymbolication
0x00000000073d7000 	/System/Library/PrivateFrameworks/Symbolication.framework/Versions/A/Symbolication
0x00000000073d7000 	/System/Library/PrivateFrameworks/SpeechRecognitionCore.framework/Versions/A/SpeechRecognitionCore
0x0000000106f67000 	/Library/Java/JavaVirtualMachines/jdk1.8.0_66.jdk/Contents/Home/jre/lib/server/libjvm.dylib
0x00000000073d7000 	/usr/lib/libstdc++.6.dylib
0x0000000107eed000 	/Library/Java/JavaVirtualMachines/jdk1.8.0_66.jdk/Contents/Home/jre/lib/libverify.dylib
0x0000000107efb000 	/Library/Java/JavaVirtualMachines/jdk1.8.0_66.jdk/Contents/Home/jre/lib/libjava.dylib
0x0000000107f31000 	/Library/Java/JavaVirtualMachines/jdk1.8.0_66.jdk/Contents/Home/jre/lib/libinstrument.dylib
0x0000000107f93000 	/Library/Java/JavaVirtualMachines/jdk1.8.0_66.jdk/Contents/Home/jre/lib/libzip.dylib
0x0000000107fe4000 	/System/Library/Frameworks/JavaVM.framework/Frameworks/JavaRuntimeSupport.framework/JavaRuntimeSupport
0x000000011e0f2000 	/System/Library/Frameworks/JavaVM.framework/Versions/A/Frameworks/JavaNativeFoundation.framework/Versions/A/JavaNativeFoundation
0x000000011e107000 	/System/Library/Frameworks/JavaVM.framework/Versions/A/JavaVM
0x00000000073d7000 	/System/Library/Frameworks/Carbon.framework/Versions/A/Carbon
0x000000011e114000 	/System/Library/PrivateFrameworks/JavaLaunching.framework/Versions/A/JavaLaunching
0x00000000073d7000 	/System/Library/Frameworks/Carbon.framework/Versions/A/Frameworks/CommonPanels.framework/Versions/A/CommonPanels
0x00000000073d7000 	/System/Library/Frameworks/Carbon.framework/Versions/A/Frameworks/Help.framework/Versions/A/Help
0x00000000073d7000 	/System/Library/Frameworks/Carbon.framework/Versions/A/Frameworks/ImageCapture.framework/Versions/A/ImageCapture
0x00000000073d7000 	/System/Library/Frameworks/Carbon.framework/Versions/A/Frameworks/OpenScripting.framework/Versions/A/OpenScripting
0x00000000073d7000 	/System/Library/Frameworks/Carbon.framework/Versions/A/Frameworks/Print.framework/Versions/A/Print
0x00000000073d7000 	/System/Library/Frameworks/Carbon.framework/Versions/A/Frameworks/SecurityHI.framework/Versions/A/SecurityHI
0x000000011fb0f000 	/Library/Java/JavaVirtualMachines/jdk1.8.0_66.jdk/Contents/Home/jre/lib/libprism_es2.dylib
0x00000000073d7000 	/System/Library/Frameworks/OpenGL.framework/Versions/A/Resources/GLEngine.bundle/GLEngine
0x00000000073d7000 	/System/Library/Frameworks/OpenGL.framework/Versions/A/Libraries/libGLProgrammability.dylib
0x000000011fb91000 	/System/Library/Extensions/AppleIntelBDWGraphicsGLDriver.bundle/Contents/MacOS/AppleIntelBDWGraphicsGLDriver
0x00000000073d7000 	/System/Library/PrivateFrameworks/GPUSupport.framework/Versions/A/Libraries/libGPUSupportMercury.dylib
0x00000000073d7000 	/System/Library/Frameworks/OpenGL.framework/Versions/A/Resources/GLRendererFloat.bundle/GLRendererFloat
0x00000000073d7000 	/System/Library/Frameworks/OpenCL.framework/Versions/A/Libraries/libcldcpuengine.dylib
0x00000000073d7000 	/System/Library/PrivateFrameworks/DiskImages.framework/Versions/A/DiskImages
0x00000000073d7000 	/System/Library/Frameworks/DiscRecording.framework/Versions/A/DiscRecording
0x00000000073d7000 	/usr/lib/libcsfde.dylib
0x00000000073d7000 	/usr/lib/libcurl.4.dylib
0x00000000073d7000 	/System/Library/PrivateFrameworks/MediaKit.framework/Versions/A/MediaKit
0x00000000073d7000 	/System/Library/PrivateFrameworks/ProtectedCloudStorage.framework/Versions/A/ProtectedCloudStorage
0x00000000073d7000 	/usr/lib/libCoreStorage.dylib
0x00000000073d7000 	/System/Library/PrivateFrameworks/EFILogin.framework/Versions/A/EFILogin
0x00000000073d7000 	/usr/lib/libutil.dylib
0x00000000073d7000 	/System/Library/PrivateFrameworks/FindMyDevice.framework/Versions/A/FindMyDevice
0x00000000073d7000 	/System/Library/Frameworks/LDAP.framework/Versions/A/LDAP
0x00000000073d7000 	/usr/lib/libsasl2.2.dylib
0x00000000073d7000 	/System/Library/PrivateFrameworks/CoreDaemon.framework/Versions/B/CoreDaemon
0x00000000073d7000 	/usr/lib/libcrypto.0.9.8.dylib
0x00000000073d7000 	/System/Library/PrivateFrameworks/AppleSRP.framework/Versions/A/AppleSRP
0x00000000073d7000 	/System/Library/PrivateFrameworks/TrustEvaluationAgent.framework/Versions/A/TrustEvaluationAgent
0x00000001206ca000 	/Library/Java/JavaVirtualMachines/jdk1.8.0_66.jdk/Contents/Home/jre/lib/libglass.dylib
0x00000000073d7000 	/System/Library/PrivateFrameworks/CoreServicesInternal.framework/Versions/A/CoreServicesInternal
0x00000000073d7000 	/System/Library/CoreServices/RawCamera.bundle/Contents/MacOS/RawCamera
0x00000000073d7000 	/System/Library/Frameworks/CoreGraphics.framework/Versions/A/Resources/libRIP.A.dylib
0x00000000073d7000 	/System/Library/Frameworks/Accelerate.framework/Versions/A/Frameworks/vImage.framework/Versions/A/Libraries/libCGInterfaces.dylib
0x00000000073d7000 	/System/Library/PrivateFrameworks/FamilyControls.framework/Versions/A/FamilyControls
0x00000000073d7000 	/System/Library/PrivateFrameworks/CommerceKit.framework/Versions/A/Frameworks/CommerceCore.framework/Versions/A/CommerceCore
0x00000000073d7000 	/System/Library/PrivateFrameworks/SystemAdministration.framework/Versions/A/SystemAdministration
0x00000000073d7000 	/System/Library/PrivateFrameworks/AppContainer.framework/Versions/A/AppContainer
0x00000000073d7000 	/System/Library/PrivateFrameworks/SecCodeWrapper.framework/Versions/A/SecCodeWrapper
0x00000000073d7000 	/System/Library/Frameworks/DirectoryService.framework/Versions/A/DirectoryService
0x00000000073d7000 	/System/Library/PrivateFrameworks/LoginUIKit.framework/Versions/A/Frameworks/LoginUICore.framework/Versions/A/LoginUICore
0x00000000073d7000 	/usr/lib/libodfde.dylib
0x0000000123d0e000 	/Library/Java/JavaVirtualMachines/jdk1.8.0_66.jdk/Contents/Home/jre/lib/libosx.dylib
0x0000000123d1c000 	/Library/Java/JavaVirtualMachines/jdk1.8.0_66.jdk/Contents/Home/jre/lib/./libosxapp.dylib
0x00000000073d7000 	/System/Library/Frameworks/ExceptionHandling.framework/Versions/A/ExceptionHandling
0x0000000123d5e000 	/Library/Java/JavaVirtualMachines/jdk1.8.0_66.jdk/Contents/Home/jre/lib/libjavafx_font.dylib
0x00000000073d7000 	/System/Library/Frameworks/CoreGraphics.framework/Versions/A/Resources/libCGXType.A.dylib
0x0000000126aad000 	cl_kernels
0x00000000073d7000 	/System/Library/Frameworks/OpenCL.framework/Versions/A/Libraries/ImageFormats/unorm8_bgra.dylib
0x00000000073d7000 	/System/Library/Frameworks/OpenCL.framework/Versions/A/Libraries/ImageFormats/unorm8_rgba.dylib
0x000000012932a000 	/Library/Java/JavaVirtualMachines/jdk1.8.0_66.jdk/Contents/Home/jre/lib/libjfxwebkit.dylib
0x000000012b99f000 	/Library/Java/JavaVirtualMachines/jdk1.8.0_66.jdk/Contents/Home/jre/lib/libnet.dylib
0x000000012c639000 	/System/Library/Extensions/AppleIntelBDWGraphicsMTLDriver.bundle/Contents/MacOS/AppleIntelBDWGraphicsMTLDriver
0x000000012f222000 	/Library/Java/JavaVirtualMachines/jdk1.8.0_66.jdk/Contents/Home/jre/lib/libnio.dylib
0x000000012da6f000 	/Library/Java/JavaVirtualMachines/jdk1.8.0_66.jdk/Contents/Home/jre/lib/libprism_common.dylib

VM Arguments:
jvm_args: -javaagent:/Users/cliveli/NetBeansProjects/hello/client/target/springloaded.jar -Xverify:none -Dbrowser.rootdir=/Users/cliveli/NetBeansProjects/hello/client/src/main/webapp/ -Dnetbeans.inspect.port=53583 -Ddebug=false 
java_command: world.hello.Main
java_class_path (initial): /Users/cliveli/NetBeansProjects/hello/client/target/test-classes:/Users/cliveli/NetBeansProjects/hello/client/target/classes:/Users/cliveli/.m2/repository/org/netbeans/html/net.java.html/1.2.3/net.java.html-1.2.3.jar:/Users/cliveli/.m2/repository/org/netbeans/html/net.java.html.json/1.2.3/net.java.html.json-1.2.3.jar:/Users/cliveli/.m2/repository/org/netbeans/html/net.java.html.boot/1.2.3/net.java.html.boot-1.2.3.jar:/Users/cliveli/.m2/repository/org/netbeans/html/net.java.html.sound/1.2.3/net.java.html.sound-1.2.3.jar:/Users/cliveli/.m2/repository/org/netbeans/html/ko4j/1.2.3/ko4j-1.2.3.jar:/Users/cliveli/.m2/repository/org/testng/testng/6.8.8/testng-6.8.8.jar:/Users/cliveli/.m2/repository/org/beanshell/bsh/2.0b4/bsh-2.0b4.jar:/Users/cliveli/.m2/repository/com/beust/jcommander/1.27/jcommander-1.27.jar:/Users/cliveli/.m2/repository/org/netbeans/html/net.java.html.boot.script/1.2.3/net.java.html.boot.script-1.2.3.jar:/Users/cliveli/.m2/repository/world/hello-js/1.0-SNAPSHOT/hello-js-1.0-SNAPSHOT.jar:/Users/cliveli/.m2/repository/org/netbeans/html/net.java.html.boot.fx/1.2.3/net.java.html.boot.fx-1.2.3.jar:/Library/Java/JavaVirtualMachines/jdk1.8.0_66.jdk/Contents/Home/jre/lib/ext/jfxrt.jar:/Users/cliveli/NetBeansProjects/hello/client/target/springloaded.jar
Launcher Type: SUN_STANDARD

Environment Variables:
JAVA_HOME=/Library/Java/JavaVirtualMachines/jdk1.8.0_66.jdk/Contents/Home
PATH=/usr/bin:/bin:/usr/sbin:/sbin
SHELL=/bin/zsh
DISPLAY=/private/tmp/com.apple.launchd.XFEMCBJX0t/org.macosforge.xquartz:0

Signal Handlers:
SIGSEGV: [libjvm.dylib+0x5a65d5], sa_mask[0]=11111111011111110111111111111111, sa_flags=SA_ONSTACK|SA_RESTART|SA_SIGINFO
SIGBUS: [libjvm.dylib+0x5a65d5], sa_mask[0]=11111111011111110111111111111111, sa_flags=SA_RESTART|SA_SIGINFO
SIGFPE: [libjvm.dylib+0x4802e8], sa_mask[0]=11111111011111110111111111111111, sa_flags=SA_RESTART|SA_SIGINFO
SIGPIPE: [libjvm.dylib+0x4802e8], sa_mask[0]=11111111011111110111111111111111, sa_flags=SA_RESTART|SA_SIGINFO
SIGXFSZ: [libjvm.dylib+0x4802e8], sa_mask[0]=11111111011111110111111111111111, sa_flags=SA_RESTART|SA_SIGINFO
SIGILL: [libjvm.dylib+0x4802e8], sa_mask[0]=11111111011111110111111111111111, sa_flags=SA_RESTART|SA_SIGINFO
SIGUSR1: SIG_DFL, sa_mask[0]=00000000000000000000000000000000, sa_flags=none
SIGUSR2: [libjvm.dylib+0x47fe06], sa_mask[0]=00100000000000000000000000000000, sa_flags=SA_RESTART|SA_SIGINFO
SIGHUP: [libjvm.dylib+0x47e3dd], sa_mask[0]=11111111011111110111111111111111, sa_flags=SA_RESTART|SA_SIGINFO
SIGINT: SIG_IGN, sa_mask[0]=00000000000000000000000000000000, sa_flags=none
SIGTERM: [libjvm.dylib+0x47e3dd], sa_mask[0]=11111111011111110111111111111111, sa_flags=SA_RESTART|SA_SIGINFO
SIGQUIT: [libjvm.dylib+0x47e3dd], sa_mask[0]=11111111011111110111111111111111, sa_flags=SA_RESTART|SA_SIGINFO


---------------  S Y S T E M  ---------------

OS:Bsduname:Darwin 15.4.0 Darwin Kernel Version 15.4.0: Fri Feb 26 22:08:05 PST 2016; root:xnu-3248.40.184~3/RELEASE_X86_64 x86_64
rlimit: STACK 8192k, CORE 0k, NPROC 709, NOFILE 10240, AS infinity
load average:2.73 3.63 3.76

CPU:total 4 (2 cores per cpu, 2 threads per core) family 6 model 61 stepping 4, cmov, cx8, fxsr, mmx, sse, sse2, sse3, ssse3, sse4.1, sse4.2, popcnt, avx, avx2, aes, clmul, erms, 3dnowpref, lzcnt, ht, tsc, tscinvbit, bmi1, bmi2, adx

Memory: 4k page, physical 8388608k(30160k free)

/proc/meminfo:


vm_info: Java HotSpot(TM) 64-Bit Server VM (25.66-b17) for bsd-amd64 JRE (1.8.0_66-b17), built on Oct  6 2015 16:09:13 by "java_re" with gcc 4.2.1 (Based on Apple Inc. build 5658) (LLVM build 2336.11.00)

time: Thu May  5 10:25:43 2016
elapsed time: 288 seconds (0d 0h 4m 48s)

